<?xml version="1.0" encoding="UTF-8"?>
<!-- Generated by org.testng.reporters.JUnitReportReporter -->
<testsuite hostname="DESKTOP-5D8I4US" failures="0" tests="2" name="testcase.TC_102" time="274.064" errors="0" timestamp="29 Oct 2019 14:00:57 GMT" skipped="0">
  <testcase classname="testcase.TC_102" name="corporate" time="106.422"/>
  <testcase classname="testcase.TC_102" name="broker" time="167.642"/>
</testsuite> <!-- testcase.TC_102 -->
