<?xml version="1.0" encoding="UTF-8"?>
<!-- Generated by org.testng.reporters.JUnitReportReporter -->
<testsuite hostname="DESKTOP-5D8I4US" failures="0" tests="2" name="testcase.TC_002" time="285.520" errors="0" timestamp="30 Oct 2019 07:26:58 GMT" skipped="0">
  <testcase classname="testcase.TC_002" name="corporate" time="118.870"/>
  <testcase classname="testcase.TC_002" name="broker" time="166.650"/>
</testsuite> <!-- testcase.TC_002 -->
