<?xml version="1.0" encoding="UTF-8"?>
<!-- Generated by org.testng.reporters.JUnitReportReporter -->
<testsuite hostname="DESKTOP-5D8I4US" failures="0" tests="1" name="testcase.TC_003" time="37.365" errors="0" timestamp="30 Oct 2019 09:44:44 GMT" skipped="0">
  <testcase classname="testcase.TC_003" name="contracts" time="37.365"/>
</testsuite> <!-- testcase.TC_003 -->
