<?xml version="1.0" encoding="UTF-8"?>
<!-- Generated by org.testng.reporters.JUnitReportReporter -->
<testsuite hostname="DESKTOP-5D8I4US" failures="0" tests="2" name="testcase.TC_001" time="73.763" errors="0" timestamp="30 Oct 2019 07:26:58 GMT" skipped="0">
  <testcase classname="testcase.TC_001" name="testFunnyme" time="61.812"/>
  <testcase classname="testcase.TC_001" name="approve" time="11.951"/>
</testsuite> <!-- testcase.TC_001 -->
